<?xml version='1.0' encoding='UTF-8'?>
<testsuite hostname="Achoual-wakps.local" name="example.FirstSpect" tests="7" errors="0" failures="0" skipped="0" time="0.014" timestamp="2018-12-24T15:11:56">
                     <properties>
[...]
</properties>
                     <testcase classname="example.FirstSpect" name="true should be true" time="0.009">
                                                 
                                               </testcase><testcase classname="example.FirstSpect" name="factorial of 5 should be 120" time="0.002">
                                                 
                                               </testcase><testcase classname="example.FirstSpect" name="factorial of 0 should be 1" time="0.0">
                                                 
                                               </testcase><testcase classname="example.FirstSpect" name="**x* should generate 8 combinations" time="0.002">
                                                 
                                               </testcase><testcase classname="example.FirstSpect" name="**x* should contain Nxxx" time="0.001">
                                                 
                                               </testcase><testcase classname="example.FirstSpect" name="**x* should contain NExS" time="0.0">
                                                 
                                               </testcase><testcase classname="example.FirstSpect" name="should generate 0 combinations" time="0.0">
                                                 
                                               </testcase>
                     <system-out><![CDATA[]]></system-out>
                     <system-err><![CDATA[]]></system-err>
                   </testsuite>